#
# There is insufficient memory for the Java Runtime Environment to continue.
# Native memory allocation (mmap) failed to map 65536 bytes. Error detail: Failed to commit metaspace.
# Possible reasons:
#   The system is out of physical RAM or swap space
#   This process is running with CompressedOops enabled, and the Java Heap may be blocking the growth of the native heap
# Possible solutions:
#   Reduce memory load on the system
#   Increase physical memory or swap space
#   Check if swap backing store is full
#   Decrease Java heap size (-Xmx/-Xms)
#   Decrease number of Java threads
#   Decrease Java thread stack sizes (-Xss)
#   Set larger code cache with -XX:ReservedCodeCacheSize=
#   JVM is running with Unscaled Compressed Oops mode in which the Java heap is
#     placed in the first 4GB address space. The Java Heap base address is the
#     maximum limit for the native heap growth. Please use -XX:HeapBaseMinAddress
#     to set the Java Heap base and to place the Java Heap above 4GB virtual address.
# This output file may be truncated or incomplete.
#
#  Out of Memory Error (virtualSpaceNode.cpp:110), pid=13700, tid=22948
#
# JRE version: OpenJDK Runtime Environment Temurin-17.0.13+11 (17.0.13+11) (build 17.0.13+11)
# Java VM: OpenJDK 64-Bit Server VM Temurin-17.0.13+11 (17.0.13+11, mixed mode, tiered, compressed oops, compressed class ptrs, parallel gc, windows-amd64)
# No core dump will be written. Minidumps are not enabled by default on client versions of Windows
#

---------------  S U M M A R Y ------------

Command Line: --add-modules=ALL-SYSTEM --add-opens=java.base/java.util=ALL-UNNAMED --add-opens=java.base/java.lang=ALL-UNNAMED --add-opens=java.base/sun.nio.fs=ALL-UNNAMED -Declipse.application=org.eclipse.jdt.ls.core.id1 -Dosgi.bundles.defaultStartLevel=4 -Declipse.product=org.eclipse.jdt.ls.core.product -Djava.import.generatesMetadataFilesAtProjectRoot=false -DDetectVMInstallationsJob.disabled=true -Dfile.encoding=utf8 -XX:+UseParallelGC -XX:GCTimeRatio=4 -XX:AdaptiveSizePolicyWeight=90 -Dsun.zip.disableMemoryMapping=true -Xmx1G -Xms100m -Xlog:disable -javaagent:c:\Users\54936\.vscode\extensions\redhat.java-1.38.0-win32-x64\lombok\lombok-1.18.34.jar c:\Users\54936\.vscode\extensions\redhat.java-1.38.0-win32-x64\server\plugins\org.eclipse.equinox.launcher_1.6.900.v20240613-2009.jar -configuration c:\Users\54936\AppData\Roaming\Code\User\globalStorage\redhat.java\1.38.0\config_ss_win -data c:\Users\54936\AppData\Roaming\Code\User\workspaceStorage\8c7a2f9799140fe5b697ab0eec07c17a\redhat.java\ss_ws --pipe=\\.\pipe\lsp-779c6c547a485e285e271f1e80703d0e-sock

Host: AMD Ryzen 3 5300U with Radeon Graphics         , 8 cores, 3G,  Windows 10 , 64 bit Build 19041 (10.0.19041.5198)
Time: Fri Jan  3 00:13:21 2025 Hora estándar de Argentina elapsed time: 0.682326 seconds (0d 0h 0m 0s)

---------------  T H R E A D  ---------------

Current thread (0x000001f868371190):  JavaThread "main" [_thread_in_vm, id=22948, stack(0x0000002ba7100000,0x0000002ba7200000)]

Stack: [0x0000002ba7100000,0x0000002ba7200000]
Native frames: (J=compiled Java code, j=interpreted, Vv=VM code, C=native code)
V  [jvm.dll+0x682a19]
V  [jvm.dll+0x839538]
V  [jvm.dll+0x83afe3]
V  [jvm.dll+0x83b653]
V  [jvm.dll+0x24704f]
V  [jvm.dll+0x83530d]
V  [jvm.dll+0x62762e]
V  [jvm.dll+0x62769a]
V  [jvm.dll+0x629ec3]
V  [jvm.dll+0x627ff6]
V  [jvm.dll+0x24493c]
V  [jvm.dll+0x6d93ad]
V  [jvm.dll+0x6d9d8f]
V  [jvm.dll+0x372395]
V  [jvm.dll+0x371414]
V  [jvm.dll+0x3713b8]
V  [jvm.dll+0x568675]
V  [jvm.dll+0x567564]
V  [jvm.dll+0x385424]
V  [jvm.dll+0x384a7f]
C  0x000001f873d29d99

The last pc belongs to invokestatic (printed below).
Java frames: (J=compiled Java code, j=interpreted, Vv=VM code)
j  jdk.internal.jimage.ImageReaderFactory$1.apply(Ljava/nio/file/Path;)Ljdk/internal/jimage/ImageReader;+1 java.base@17.0.13
j  jdk.internal.jimage.ImageReaderFactory$1.apply(Ljava/lang/Object;)Ljava/lang/Object;+5 java.base@17.0.13
j  java.util.concurrent.ConcurrentHashMap.computeIfAbsent(Ljava/lang/Object;Ljava/util/function/Function;)Ljava/lang/Object;+115 java.base@17.0.13
j  jdk.internal.jimage.ImageReaderFactory.get(Ljava/nio/file/Path;)Ljdk/internal/jimage/ImageReader;+12 java.base@17.0.13
j  jdk.internal.jimage.ImageReaderFactory.getImageReader()Ljdk/internal/jimage/ImageReader;+3 java.base@17.0.13
j  jdk.internal.module.SystemModuleFinders$SystemImage.<clinit>()V+0 java.base@17.0.13
v  ~StubRoutines::call_stub
j  jdk.internal.module.SystemModuleFinders$SystemModuleReader.containsImageLocation(Ljava/lang/String;)Z+22 java.base@17.0.13
j  jdk.internal.module.SystemModuleFinders$SystemModuleReader.find(Ljava/lang/String;)Ljava/util/Optional;+2 java.base@17.0.13
j  jdk.internal.loader.BuiltinClassLoader$2.run()Ljava/util/List;+51 java.base@17.0.13
j  jdk.internal.loader.BuiltinClassLoader$2.run()Ljava/lang/Object;+1 java.base@17.0.13
j  java.security.AccessController.executePrivileged(Ljava/security/PrivilegedExceptionAction;Ljava/security/AccessControlContext;Ljava/lang/Class;)Ljava/lang/Object;+29 java.base@17.0.13
j  java.security.AccessController.doPrivileged(Ljava/security/PrivilegedExceptionAction;)Ljava/lang/Object;+9 java.base@17.0.13
j  jdk.internal.loader.BuiltinClassLoader.findMiscResource(Ljava/lang/String;)Ljava/util/List;+83 java.base@17.0.13
j  jdk.internal.loader.BuiltinClassLoader.findResource(Ljava/lang/String;)Ljava/net/URL;+95 java.base@17.0.13
j  jdk.internal.loader.BootLoader.findResource(Ljava/lang/String;)Ljava/net/URL;+4 java.base@17.0.13
j  java.lang.ClassLoader.getResource(Ljava/lang/String;)Ljava/net/URL;+25 java.base@17.0.13
j  java.lang.ClassLoader.getResource(Ljava/lang/String;)Ljava/net/URL;+17 java.base@17.0.13
j  java.lang.Class.getResource(Ljava/lang/String;)Ljava/net/URL;+88 java.base@17.0.13
j  lombok.launch.ShadowClassLoader.<init>(Ljava/lang/ClassLoader;Ljava/lang/String;Ljava/lang/String;Ljava/util/List;Ljava/util/List;)V+284
j  lombok.launch.Main.getShadowClassLoader()Ljava/lang/ClassLoader;+37
j  lombok.launch.Agent.runLauncher(Ljava/lang/String;Ljava/lang/instrument/Instrumentation;Z)V+0
j  lombok.launch.Agent.premain(Ljava/lang/String;Ljava/lang/instrument/Instrumentation;)V+3
v  ~StubRoutines::call_stub
j  jdk.internal.reflect.NativeMethodAccessorImpl.invoke0(Ljava/lang/reflect/Method;Ljava/lang/Object;[Ljava/lang/Object;)Ljava/lang/Object;+0 java.base@17.0.13
j  jdk.internal.reflect.NativeMethodAccessorImpl.invoke(Ljava/lang/Object;[Ljava/lang/Object;)Ljava/lang/Object;+133 java.base@17.0.13
j  jdk.internal.reflect.DelegatingMethodAccessorImpl.invoke(Ljava/lang/Object;[Ljava/lang/Object;)Ljava/lang/Object;+6 java.base@17.0.13
j  java.lang.reflect.Method.invoke(Ljava/lang/Object;[Ljava/lang/Object;)Ljava/lang/Object;+59 java.base@17.0.13
j  sun.instrument.InstrumentationImpl.loadClassAndStartAgent(Ljava/lang/String;Ljava/lang/String;Ljava/lang/String;)V+166 java.instrument@17.0.13
j  sun.instrument.InstrumentationImpl.loadClassAndCallPremain(Ljava/lang/String;Ljava/lang/String;)V+6 java.instrument@17.0.13
v  ~StubRoutines::call_stub
invokestatic  184 invokestatic  [0x000001f873d29ce0, 0x000001f873d29fc0]  736 bytes
[MachCode]
  0x000001f873d29ce0: 4883 ec08 | c5fa 1104 | 24eb 1f48 | 83ec 10c5 | fb11 0424 | eb14 4883 | ec10 4889 | 0424 48c7 
  0x000001f873d29d00: 4424 0800 | 0000 00eb | 0150 4c89 | 6dc0 410f | b755 0148 | 8b4d d0c1 | e202 8b5c | d120 c1eb 
  0x000001f873d29d20: 1081 e3ff | 0000 0081 | fbb8 0000 | 000f 84b6 | 0000 00bb | b800 0000 | e805 0000 | 00e9 9b00 
  0x000001f873d29d40: 0000 488b | d348 8d44 | 2408 4c89 | 6dc0 498b | cfc5 f877 | 4989 afa8 | 0200 0049 | 8987 9802 
  0x000001f873d29d60: 0000 4883 | ec20 f7c4 | 0f00 0000 | 0f84 1a00 | 0000 4883 | ec08 49ba | 104a 73d0 | fc7f 0000 
  0x000001f873d29d80: 41ff d248 | 83c4 08e9 | 0d00 0000 | 49ba 104a | 73d0 fc7f | 0000 41ff | d248 83c4 | 2049 c787 
  0x000001f873d29da0: 9802 0000 | 0000 0000 | 49c7 87a8 | 0200 0000 | 0000 0049 | c787 a002 | 0000 0000 | 0000 c5f8 
  0x000001f873d29dc0: 7749 817f | 0800 0000 | 000f 8405 | 0000 00e9 | 2c71 feff | 4c8b 6dc0 | 4c8b 75c8 | c341 0fb7 
  0x000001f873d29de0: 5501 488b | 4dd0 c1e2 | 0248 8b5c | d128 488b | 5b08 488b | 5b08 488b | 5b18 80bb | 3301 0000 
  0x000001f873d29e00: 040f 840d | 0000 004c | 3bbb 3801 | 0000 0f85 | 1fff ffff | 488b 5cd1 | 288b 54d1 | 38c1 ea1c 
  0x000001f873d29e20: 49ba 10f6 | f5d0 fc7f | 0000 498b | 14d2 5248 | 8b45 d848 | 85c0 0f84 | 1200 0000 | 4883 4008 
  0x000001f873d29e40: 0148 8358 | 0800 4883 | c010 4889 | 45d8 488b | 45d8 4885 | c00f 8445 | 0100 0080 | 78f0 0a0f 
  0x000001f873d29e60: 853b 0100 | 0048 83c0 | 084c 8b68 | f841 83ed | 0041 83fd | 020f 8c1a | 0100 004c | 8b6b 0845 
  0x000001f873d29e80: 0fb7 6d2c | 4c2b 2841 | 83ed 014e | 8b6c ec08 | 4d85 ed75 | 1248 f740 | 0801 0000 | 0075 58f0 
  0x000001f873d29ea0: 4883 4808 | 01eb 5045 | 8b6d 0849 | c1e5 034d | 8bd5 4c33 | 6808 49f7 | c5fc ffff | ff74 3849 
  0x000001f873d29ec0: f7c5 0200 | 0000 752f | 4881 7808 | 0000 0000 | 7421 4881 | 7808 0100 | 0000 7417 | 4d8b ea4c 
  0x000001f873d29ee0: 3368 0849 | f7c5 fcff | ffff 740b | 4883 4808 | 02eb 044c | 8968 0848 | 83c0 104c | 8b68 e841 
  0x000001f873d29f00: 83ed 0241 | 83fd 020f | 8c88 0000 | 004c 8b6b | 0845 0fb7 | 6d2c 4c2b | 2841 83ed | 014e 8b6c 
  0x000001f873d29f20: ec08 4d85 | ed75 1248 | f740 0801 | 0000 0075 | 58f0 4883 | 4808 01eb | 5045 8b6d | 0849 c1e5 
  0x000001f873d29f40: 034d 8bd5 | 4c33 6808 | 49f7 c5fc | ffff ff74 | 3849 f7c5 | 0200 0000 | 752f 4881 | 7808 0000 
  0x000001f873d29f60: 0000 7421 | 4881 7808 | 0100 0000 | 7417 4d8b | ea4c 3368 | 0849 f7c5 | fcff ffff | 740b 4883 
  0x000001f873d29f80: 4808 02eb | 044c 8968 | 0848 83c0 | 104c 8b68 | d841 83ed | 0441 c1e5 | 0349 03c5 | 4889 45d8 
  0x000001f873d29fa0: 4c8d 6c24 | 084c 896d | f0ff 6350 | 0f1f 4000 | 0000 0000 | 0000 0000 | 0000 0000 | 0000 0000 
[/MachCode]

---------------  P R O C E S S  ---------------

Threads class SMR info:
_java_thread_list=0x000001f87f4daa80, length=11, elements={
0x000001f868371190, 0x000001f8684290d0, 0x000001f87e15bb10, 0x000001f86842a0c0,
0x000001f86842ae50, 0x000001f86842bae0, 0x000001f86842d3c0, 0x000001f86842dfc0,
0x000001f86842e8d0, 0x000001f87f3f7300, 0x000001f87f564580
}

Java Threads: ( => current thread )
=>0x000001f868371190 JavaThread "main" [_thread_in_vm, id=22948, stack(0x0000002ba7100000,0x0000002ba7200000)]
  0x000001f8684290d0 JavaThread "Reference Handler" daemon [_thread_blocked, id=15776, stack(0x0000002ba7400000,0x0000002ba7500000)]
  0x000001f87e15bb10 JavaThread "Finalizer" daemon [_thread_blocked, id=22112, stack(0x0000002ba7500000,0x0000002ba7600000)]
  0x000001f86842a0c0 JavaThread "Signal Dispatcher" daemon [_thread_blocked, id=11368, stack(0x0000002ba7600000,0x0000002ba7700000)]
  0x000001f86842ae50 JavaThread "Attach Listener" daemon [_thread_blocked, id=18168, stack(0x0000002ba7700000,0x0000002ba7800000)]
  0x000001f86842bae0 JavaThread "Service Thread" daemon [_thread_blocked, id=18300, stack(0x0000002ba7800000,0x0000002ba7900000)]
  0x000001f86842d3c0 JavaThread "Monitor Deflation Thread" daemon [_thread_blocked, id=21368, stack(0x0000002ba7900000,0x0000002ba7a00000)]
  0x000001f86842dfc0 JavaThread "C2 CompilerThread0" daemon [_thread_blocked, id=22100, stack(0x0000002ba7a00000,0x0000002ba7b00000)]
  0x000001f86842e8d0 JavaThread "C1 CompilerThread0" daemon [_thread_blocked, id=7400, stack(0x0000002ba7b00000,0x0000002ba7c00000)]
  0x000001f87f3f7300 JavaThread "Sweeper thread" daemon [_thread_blocked, id=14260, stack(0x0000002ba7c00000,0x0000002ba7d00000)]
  0x000001f87f564580 JavaThread "Common-Cleaner" daemon [_thread_blocked, id=10484, stack(0x0000002ba7d00000,0x0000002ba7e00000)]

Other Threads:
  0x000001f87e159950 VMThread "VM Thread" [stack: 0x0000002ba7300000,0x0000002ba7400000] [id=11668]
  0x000001f868386490 GCTaskThread "GC Thread#0" [stack: 0x0000002ba7200000,0x0000002ba7300000] [id=5336]

Threads with active compile tasks:

VM state: not at safepoint (normal execution)

VM Mutex/Monitor currently owned by a thread:  ([mutex/lock_event])
[0x000001f86836bc70] Metaspace_lock - owner thread: 0x000001f868371190

Heap address: 0x00000000c0000000, size: 1024 MB, Compressed Oops mode: 32-bit

CDS archive(s) not mapped
Compressed class space mapped at: 0x0000000100000000-0x0000000140000000, reserved size: 1073741824
Narrow klass base: 0x0000000000000000, Narrow klass shift: 3, Narrow klass range: 0x140000000

GC Precious Log:
 CPUs: 8 total, 8 available
 Memory: 3418M
 Large Page Support: Disabled
 NUMA Support: Disabled
 Compressed Oops: Enabled (32-bit)
 Alignments: Space 512K, Generation 512K, Heap 2M
 Heap Min Capacity: 100M
 Heap Initial Capacity: 100M
 Heap Max Capacity: 1G
 Pre-touch: Disabled
 Parallel Workers: 8

Heap:
 PSYoungGen      total 29696K, used 3198K [0x00000000eab00000, 0x00000000ecc00000, 0x0000000100000000)
  eden space 25600K, 12% used [0x00000000eab00000,0x00000000eae1fa38,0x00000000ec400000)
  from space 4096K, 0% used [0x00000000ec800000,0x00000000ec800000,0x00000000ecc00000)
  to   space 4096K, 0% used [0x00000000ec400000,0x00000000ec400000,0x00000000ec800000)
 ParOldGen       total 68608K, used 0K [0x00000000c0000000, 0x00000000c4300000, 0x00000000eab00000)
  object space 68608K, 0% used [0x00000000c0000000,0x00000000c0000000,0x00000000c4300000)
 Metaspace       used 5489K, committed 5632K, reserved 1114112K
  class space    used 528K, committed 640K, reserved 1048576K

Card table byte_map: [0x000001f87b9d0000,0x000001f87bbe0000] _byte_map_base: 0x000001f87b3d0000

Marking Bits: (ParMarkBitMap*) 0x00007ffcd0f56940
 Begin Bits: [0x000001f87bd40000, 0x000001f87cd40000)
 End Bits:   [0x000001f87cd40000, 0x000001f87dd40000)

Polling page: 0x000001f868430000

Metaspace:

Usage:
  Non-class:      4.84 MB used.
      Class:    528.42 KB used.
       Both:      5.36 MB used.

Virtual space:
  Non-class space:       64.00 MB reserved,       4.88 MB (  8%) committed,  1 nodes.
      Class space:        1.00 GB reserved,     640.00 KB ( <1%) committed,  1 nodes.
             Both:        1.06 GB reserved,       5.50 MB ( <1%) committed. 

Chunk freelists:
   Non-Class:  10.96 MB
       Class:  15.25 MB
        Both:  26.21 MB

MaxMetaspaceSize: unlimited
CompressedClassSpaceSize: 1.00 GB
Initial GC threshold: 21.00 MB
Current GC threshold: 21.00 MB
CDS: off
MetaspaceReclaimPolicy: balanced
 - commit_granule_bytes: 65536.
 - commit_granule_words: 8192.
 - virtual_space_node_default_size: 8388608.
 - enlarge_chunks_in_place: 1.
 - new_chunks_are_fully_committed: 0.
 - uncommit_free_chunks: 1.
 - use_allocation_guard: 0.
 - handle_deallocations: 1.


Internal statistics:

num_allocs_failed_limit: 0.
num_arena_births: 8.
num_arena_deaths: 0.
num_vsnodes_births: 2.
num_vsnodes_deaths: 0.
num_space_committed: 88.
num_space_uncommitted: 0.
num_chunks_returned_to_freelist: 0.
num_chunks_taken_from_freelist: 21.
num_chunk_merges: 0.
num_chunk_splits: 10.
num_chunks_enlarged: 6.
num_inconsistent_stats: 0.

CodeHeap 'non-profiled nmethods': size=120000Kb used=67Kb max_used=67Kb free=119932Kb
 bounds [0x000001f8742b0000, 0x000001f874520000, 0x000001f87b7e0000]
CodeHeap 'profiled nmethods': size=120000Kb used=252Kb max_used=252Kb free=119747Kb
 bounds [0x000001f86c7e0000, 0x000001f86ca50000, 0x000001f873d10000]
CodeHeap 'non-nmethods': size=5760Kb used=1093Kb max_used=1104Kb free=4666Kb
 bounds [0x000001f873d10000, 0x000001f873f80000, 0x000001f8742b0000]
 total_blobs=596 nmethods=226 adapters=285
 compilation: enabled
              stopped_count=0, restarted_count=0
 full_count=0

Compilation events (20 events):
Event: 0.649 Thread 0x000001f86842e8d0 nmethod 217 0x000001f86c819310 code [0x000001f86c8194c0, 0x000001f86c819798]
Event: 0.649 Thread 0x000001f86842e8d0  216   !   3       java.util.zip.ZipFile$Source::checkAndAddEntry (262 bytes)
Event: 0.652 Thread 0x000001f86842e8d0 nmethod 216 0x000001f86c819910 code [0x000001f86c819cc0, 0x000001f86c81b308]
Event: 0.652 Thread 0x000001f86842e8d0  218       3       java.util.zip.ZipFile$Source::isMetaName (141 bytes)
Event: 0.653 Thread 0x000001f86842e8d0 nmethod 218 0x000001f86c81bf90 code [0x000001f86c81c140, 0x000001f86c81c618]
Event: 0.653 Thread 0x000001f86842e8d0  219       3       java.util.zip.ZipFile$Source::nextEntryPos (22 bytes)
Event: 0.653 Thread 0x000001f86842e8d0 nmethod 219 0x000001f86c81c810 code [0x000001f86c81c9c0, 0x000001f86c81ccf8]
Event: 0.654 Thread 0x000001f86842e8d0  221       3       java.lang.CharacterDataLatin1::toLowerCase (39 bytes)
Event: 0.654 Thread 0x000001f86842e8d0 nmethod 221 0x000001f86c81ce90 code [0x000001f86c81d040, 0x000001f86c81d278]
Event: 0.654 Thread 0x000001f86842e8d0  222       3       java.lang.String::getBytes (46 bytes)
Event: 0.654 Thread 0x000001f86842e8d0 nmethod 222 0x000001f86c81d390 code [0x000001f86c81d560, 0x000001f86c81d878]
Event: 0.656 Thread 0x000001f86842dfc0 nmethod 220% 0x000001f8742c0890 code [0x000001f8742c0a20, 0x000001f8742c0cb8]
Event: 0.667 Thread 0x000001f86842e8d0  223       3       java.lang.System::getSecurityManager (12 bytes)
Event: 0.667 Thread 0x000001f86842e8d0 nmethod 223 0x000001f86c81d990 code [0x000001f86c81db20, 0x000001f86c81dc98]
Event: 0.667 Thread 0x000001f86842e8d0  224       3       java.lang.System::allowSecurityManager (13 bytes)
Event: 0.668 Thread 0x000001f86842e8d0 nmethod 224 0x000001f86c81dd90 code [0x000001f86c81df20, 0x000001f86c81e038]
Event: 0.671 Thread 0x000001f86842e8d0  225       3       jdk.internal.misc.Unsafe::allocateUninitializedArray0 (90 bytes)
Event: 0.672 Thread 0x000001f86842e8d0 nmethod 225 0x000001f86c81e090 code [0x000001f86c81e2a0, 0x000001f86c81eb98]
Event: 0.677 Thread 0x000001f86842e8d0  226       3       sun.nio.fs.WindowsPathParser::isInvalidPathChar (22 bytes)
Event: 0.677 Thread 0x000001f86842e8d0 nmethod 226 0x000001f86c81ed10 code [0x000001f86c81eee0, 0x000001f86c81f208]

GC Heap History (0 events):
No events

Dll operation events (6 events):
Event: 0.023 Loaded shared library c:\Users\54936\.vscode\extensions\redhat.java-1.38.0-win32-x64\jre\17.0.13-win32-x86_64\bin\java.dll
Event: 0.581 Loaded shared library c:\Users\54936\.vscode\extensions\redhat.java-1.38.0-win32-x64\jre\17.0.13-win32-x86_64\bin\zip.dll
Event: 0.590 Loaded shared library C:\Users\54936\.vscode\extensions\redhat.java-1.38.0-win32-x64\jre\17.0.13-win32-x86_64\bin\instrument.dll
Event: 0.621 Loaded shared library C:\Users\54936\.vscode\extensions\redhat.java-1.38.0-win32-x64\jre\17.0.13-win32-x86_64\bin\net.dll
Event: 0.624 Loaded shared library C:\Users\54936\.vscode\extensions\redhat.java-1.38.0-win32-x64\jre\17.0.13-win32-x86_64\bin\nio.dll
Event: 0.641 Loaded shared library C:\Users\54936\.vscode\extensions\redhat.java-1.38.0-win32-x64\jre\17.0.13-win32-x86_64\bin\zip.dll

Deoptimization events (0 events):
No events

Classes loaded (20 events):
Event: 0.675 Loading class java/lang/module/ModuleReader done
Event: 0.675 Loading class jdk/internal/module/SystemModuleFinders$SystemModuleReader done
Event: 0.675 Loading class jdk/internal/module/SystemModuleFinders$SystemImage
Event: 0.675 Loading class jdk/internal/module/SystemModuleFinders$SystemImage done
Event: 0.675 Loading class jdk/internal/jimage/ImageReaderFactory
Event: 0.676 Loading class jdk/internal/jimage/ImageReaderFactory done
Event: 0.676 Loading class java/nio/file/Paths
Event: 0.676 Loading class java/nio/file/Paths done
Event: 0.676 Loading class java/nio/file/FileSystems
Event: 0.676 Loading class java/nio/file/FileSystems done
Event: 0.676 Loading class java/nio/file/FileSystems$DefaultFileSystemHolder
Event: 0.676 Loading class java/nio/file/FileSystems$DefaultFileSystemHolder done
Event: 0.676 Loading class java/nio/file/FileSystems$DefaultFileSystemHolder$1
Event: 0.676 Loading class java/nio/file/FileSystems$DefaultFileSystemHolder$1 done
Event: 0.676 Loading class java/net/URI$Parser
Event: 0.677 Loading class java/net/URI$Parser done
Event: 0.677 Loading class jdk/internal/jimage/ImageReaderFactory$1
Event: 0.677 Loading class jdk/internal/jimage/ImageReaderFactory$1 done
Event: 0.678 Loading class jdk/internal/jimage/ImageReader
Event: 0.678 Loading class jdk/internal/jimage/ImageReader done

Classes unloaded (0 events):
No events

Classes redefined (0 events):
No events

Internal exceptions (1 events):
Event: 0.527 Thread 0x000001f868371190 Exception <a 'java/lang/NoSuchMethodError'{0x00000000eacb5300}: 'void java.lang.invoke.DirectMethodHandle$Holder.invokeStatic(java.lang.Object, java.lang.Object, java.lang.Object)'> (0x00000000eacb5300) 
thrown [s\src\hotspot\share\interpreter\linkResolver.cpp, line 759]

VM Operations (2 events):
Event: 0.540 Executing VM operation: HandshakeAllThreads
Event: 0.540 Executing VM operation: HandshakeAllThreads done

Memory protections (0 events):
No events

Nmethod flushes (0 events):
No events

Events (11 events):
Event: 0.207 Thread 0x000001f868371190 Thread added: 0x000001f868371190
Event: 0.262 Thread 0x000001f868371190 Thread added: 0x000001f8684290d0
Event: 0.263 Thread 0x000001f868371190 Thread added: 0x000001f87e15bb10
Event: 0.322 Thread 0x000001f868371190 Thread added: 0x000001f86842a0c0
Event: 0.322 Thread 0x000001f868371190 Thread added: 0x000001f86842ae50
Event: 0.322 Thread 0x000001f868371190 Thread added: 0x000001f86842bae0
Event: 0.322 Thread 0x000001f868371190 Thread added: 0x000001f86842d3c0
Event: 0.323 Thread 0x000001f868371190 Thread added: 0x000001f86842dfc0
Event: 0.323 Thread 0x000001f868371190 Thread added: 0x000001f86842e8d0
Event: 0.323 Thread 0x000001f868371190 Thread added: 0x000001f87f3f7300
Event: 0.480 Thread 0x000001f868371190 Thread added: 0x000001f87f564580


Dynamic libraries:
0x00007ff77da40000 - 0x00007ff77da4e000 	c:\Users\54936\.vscode\extensions\redhat.java-1.38.0-win32-x64\jre\17.0.13-win32-x86_64\bin\java.exe
0x00007ffd7c0f0000 - 0x00007ffd7c2e8000 	C:\Windows\SYSTEM32\ntdll.dll
0x00007ffd7a220000 - 0x00007ffd7a2e2000 	C:\Windows\System32\KERNEL32.DLL
0x00007ffd79d00000 - 0x00007ffd79ffe000 	C:\Windows\System32\KERNELBASE.dll
0x00007ffd798a0000 - 0x00007ffd799a0000 	C:\Windows\System32\ucrtbase.dll
0x00007ffce48a0000 - 0x00007ffce48b7000 	c:\Users\54936\.vscode\extensions\redhat.java-1.38.0-win32-x64\jre\17.0.13-win32-x86_64\bin\jli.dll
0x00007ffce4850000 - 0x00007ffce486e000 	c:\Users\54936\.vscode\extensions\redhat.java-1.38.0-win32-x64\jre\17.0.13-win32-x86_64\bin\VCRUNTIME140.dll
0x00007ffd7a2f0000 - 0x00007ffd7a48d000 	C:\Windows\System32\USER32.dll
0x00007ffd623e0000 - 0x00007ffd6267a000 	C:\Windows\WinSxS\amd64_microsoft.windows.common-controls_6595b64144ccf1df_6.0.19041.4355_none_60b8b9eb71f62e16\COMCTL32.dll
0x00007ffd7a830000 - 0x00007ffd7a8ce000 	C:\Windows\System32\msvcrt.dll
0x00007ffd7a0e0000 - 0x00007ffd7a102000 	C:\Windows\System32\win32u.dll
0x00007ffd7a740000 - 0x00007ffd7a76b000 	C:\Windows\System32\GDI32.dll
0x00007ffd799a0000 - 0x00007ffd79ab7000 	C:\Windows\System32\gdi32full.dll
0x00007ffd79790000 - 0x00007ffd7982d000 	C:\Windows\System32\msvcp_win.dll
0x00007ffd7b890000 - 0x00007ffd7b8bf000 	C:\Windows\System32\IMM32.DLL
0x00007ffd4bc90000 - 0x00007ffd4bc9c000 	c:\Users\54936\.vscode\extensions\redhat.java-1.38.0-win32-x64\jre\17.0.13-win32-x86_64\bin\vcruntime140_1.dll
0x00007ffcd1020000 - 0x00007ffcd10ad000 	c:\Users\54936\.vscode\extensions\redhat.java-1.38.0-win32-x64\jre\17.0.13-win32-x86_64\bin\msvcp140.dll
0x00007ffcd03b0000 - 0x00007ffcd101b000 	c:\Users\54936\.vscode\extensions\redhat.java-1.38.0-win32-x64\jre\17.0.13-win32-x86_64\bin\server\jvm.dll
0x00007ffd7bff0000 - 0x00007ffd7c0a1000 	C:\Windows\System32\ADVAPI32.dll
0x00007ffd7b8c0000 - 0x00007ffd7b95f000 	C:\Windows\System32\sechost.dll
0x00007ffd7bec0000 - 0x00007ffd7bfe3000 	C:\Windows\System32\RPCRT4.dll
0x00007ffd79cd0000 - 0x00007ffd79cf7000 	C:\Windows\System32\bcrypt.dll
0x00007ffd7a8e0000 - 0x00007ffd7a94b000 	C:\Windows\System32\WS2_32.dll
0x00007ffd791e0000 - 0x00007ffd7922b000 	C:\Windows\SYSTEM32\POWRPROF.dll
0x00007ffd772c0000 - 0x00007ffd772e7000 	C:\Windows\SYSTEM32\WINMM.dll
0x00007ffd703f0000 - 0x00007ffd703fa000 	C:\Windows\SYSTEM32\VERSION.dll
0x00007ffd79180000 - 0x00007ffd79192000 	C:\Windows\SYSTEM32\UMPDC.dll
0x00007ffd77780000 - 0x00007ffd77792000 	C:\Windows\SYSTEM32\kernel.appcore.dll
0x00007ffd4bbc0000 - 0x00007ffd4bbca000 	c:\Users\54936\.vscode\extensions\redhat.java-1.38.0-win32-x64\jre\17.0.13-win32-x86_64\bin\jimage.dll
0x00007ffd77070000 - 0x00007ffd77254000 	C:\Windows\SYSTEM32\DBGHELP.DLL
0x00007ffd77260000 - 0x00007ffd77294000 	C:\Windows\SYSTEM32\dbgcore.DLL
0x00007ffd7a050000 - 0x00007ffd7a0d2000 	C:\Windows\System32\bcryptPrimitives.dll
0x00007ffd4b980000 - 0x00007ffd4b98e000 	c:\Users\54936\.vscode\extensions\redhat.java-1.38.0-win32-x64\jre\17.0.13-win32-x86_64\bin\instrument.dll
0x00007ffce4500000 - 0x00007ffce4525000 	c:\Users\54936\.vscode\extensions\redhat.java-1.38.0-win32-x64\jre\17.0.13-win32-x86_64\bin\java.dll
0x00007ffce44e0000 - 0x00007ffce44f8000 	c:\Users\54936\.vscode\extensions\redhat.java-1.38.0-win32-x64\jre\17.0.13-win32-x86_64\bin\zip.dll
0x00007ffd7adc0000 - 0x00007ffd7b52d000 	C:\Windows\System32\SHELL32.dll
0x00007ffd777c0000 - 0x00007ffd77f64000 	C:\Windows\SYSTEM32\windows.storage.dll
0x00007ffd7b530000 - 0x00007ffd7b883000 	C:\Windows\System32\combase.dll
0x00007ffd79150000 - 0x00007ffd7917e000 	C:\Windows\SYSTEM32\Wldp.dll
0x00007ffd7a490000 - 0x00007ffd7a55d000 	C:\Windows\System32\OLEAUT32.dll
0x00007ffd7be10000 - 0x00007ffd7bebd000 	C:\Windows\System32\SHCORE.dll
0x00007ffd7bca0000 - 0x00007ffd7bcf5000 	C:\Windows\System32\shlwapi.dll
0x00007ffd796c0000 - 0x00007ffd796e4000 	C:\Windows\SYSTEM32\profapi.dll
0x00007ffcd0390000 - 0x00007ffcd03a9000 	C:\Users\54936\.vscode\extensions\redhat.java-1.38.0-win32-x64\jre\17.0.13-win32-x86_64\bin\net.dll
0x00007ffd75d00000 - 0x00007ffd75e0d000 	C:\Windows\SYSTEM32\WINHTTP.dll
0x00007ffd78eb0000 - 0x00007ffd78f1a000 	C:\Windows\system32\mswsock.dll
0x00007ffcd0370000 - 0x00007ffcd0386000 	C:\Users\54936\.vscode\extensions\redhat.java-1.38.0-win32-x64\jre\17.0.13-win32-x86_64\bin\nio.dll

dbghelp: loaded successfully - version: 4.0.5 - missing functions: none
symbol engine: initialized successfully - sym options: 0x614 - pdb path: .;c:\Users\54936\.vscode\extensions\redhat.java-1.38.0-win32-x64\jre\17.0.13-win32-x86_64\bin;C:\Windows\SYSTEM32;C:\Windows\WinSxS\amd64_microsoft.windows.common-controls_6595b64144ccf1df_6.0.19041.4355_none_60b8b9eb71f62e16;c:\Users\54936\.vscode\extensions\redhat.java-1.38.0-win32-x64\jre\17.0.13-win32-x86_64\bin\server

VM Arguments:
jvm_args: --add-modules=ALL-SYSTEM --add-opens=java.base/java.util=ALL-UNNAMED --add-opens=java.base/java.lang=ALL-UNNAMED --add-opens=java.base/sun.nio.fs=ALL-UNNAMED -Declipse.application=org.eclipse.jdt.ls.core.id1 -Dosgi.bundles.defaultStartLevel=4 -Declipse.product=org.eclipse.jdt.ls.core.product -Djava.import.generatesMetadataFilesAtProjectRoot=false -DDetectVMInstallationsJob.disabled=true -Dfile.encoding=utf8 -XX:+UseParallelGC -XX:GCTimeRatio=4 -XX:AdaptiveSizePolicyWeight=90 -Dsun.zip.disableMemoryMapping=true -Xmx1G -Xms100m -Xlog:disable -javaagent:c:\Users\54936\.vscode\extensions\redhat.java-1.38.0-win32-x64\lombok\lombok-1.18.34.jar 
java_command: c:\Users\54936\.vscode\extensions\redhat.java-1.38.0-win32-x64\server\plugins\org.eclipse.equinox.launcher_1.6.900.v20240613-2009.jar -configuration c:\Users\54936\AppData\Roaming\Code\User\globalStorage\redhat.java\1.38.0\config_ss_win -data c:\Users\54936\AppData\Roaming\Code\User\workspaceStorage\8c7a2f9799140fe5b697ab0eec07c17a\redhat.java\ss_ws --pipe=\\.\pipe\lsp-779c6c547a485e285e271f1e80703d0e-sock
java_class_path (initial): c:\Users\54936\.vscode\extensions\redhat.java-1.38.0-win32-x64\server\plugins\org.eclipse.equinox.launcher_1.6.900.v20240613-2009.jar
Launcher Type: SUN_STANDARD

[Global flags]
    uintx AdaptiveSizePolicyWeight                 = 90                                        {product} {command line}
     intx CICompilerCount                          = 4                                         {product} {ergonomic}
    uintx GCTimeRatio                              = 4                                         {product} {command line}
   size_t InitialHeapSize                          = 104857600                                 {product} {command line}
   size_t MaxHeapSize                              = 1073741824                                {product} {command line}
   size_t MaxNewSize                               = 357564416                                 {product} {ergonomic}
   size_t MinHeapDeltaBytes                        = 524288                                    {product} {ergonomic}
   size_t MinHeapSize                              = 104857600                                 {product} {command line}
   size_t NewSize                                  = 34603008                                  {product} {ergonomic}
    uintx NonNMethodCodeHeapSize                   = 5839372                                {pd product} {ergonomic}
    uintx NonProfiledCodeHeapSize                  = 122909434                              {pd product} {ergonomic}
   size_t OldSize                                  = 70254592                                  {product} {ergonomic}
    uintx ProfiledCodeHeapSize                     = 122909434                              {pd product} {ergonomic}
    uintx ReservedCodeCacheSize                    = 251658240                              {pd product} {ergonomic}
     bool SegmentedCodeCache                       = true                                      {product} {ergonomic}
   size_t SoftMaxHeapSize                          = 1073741824                             {manageable} {ergonomic}
     bool UseCompressedClassPointers               = true                           {product lp64_product} {ergonomic}
     bool UseCompressedOops                        = true                           {product lp64_product} {ergonomic}
     bool UseLargePagesIndividualAllocation        = false                                  {pd product} {ergonomic}
     bool UseParallelGC                            = true                                      {product} {command line}

Logging:
Log output configuration:
 #0: stdout all=off uptime,level,tags
 #1: stderr all=off uptime,level,tags

Environment Variables:
JAVA_HOME=C:\Program Files (x86)\Java\jdk-21
PATH=C:\xampp\php;C:\Program Files\Microsoft MPI\Bin\;C:\Windows\System32;C:\Program Files (x86)\Java\jdk-21\bin;C:\Program Files\php-8.2.22-nts-Win32-vs16-x64;C:\Program Files\dotnet\;C:\Program Files (x86)\Microsoft SQL Server\160\Tools\Binn\;C:\Program Files\Microsoft SQL Server\160\Tools\Binn\;C:\Program Files\Microsoft SQL Server\Client SDK\ODBC\170\Tools\Binn\;C:\Program Files\Microsoft SQL Server\160\DTS\Binn\;C:\Program Files (x86)\Microsoft SQL Server\160\DTS\Binn\;C:\Program Files\Git\cmd;C:\Windows\System32\WindowsPowerShell\v1.0\;C:\flutter\bin;C:\Program Files\Microsoft SQL Server\150\Tools\Binn\;C:\Program Files (x86)\Windows Kits\10\Windows Performance Toolkit\;C:\xampp\php;C:\Users\54936\AppData\Local\Programs\Python\Python312\Scripts\;C:\Users\54936\AppData\Local\Programs\Python\Python312\;C:\Users\54936\AppData\Local\Programs\Python\Python36\Scripts\;C:\Users\54936\AppData\Local\Programs\Python\Python36\;C:\Users\54936\AppData\Local\Microsoft\WindowsApps;C:\Program Files\JetBrains\IntelliJ IDEA 2022.3.3\bin;;C:\Program Files\JetBrains\IntelliJ IDEA Community Edition 2023.1\bin;;C:\Users\54936\.dotnet\tools;C:\Users\54936\AppData\Roaming\npm;C:\Program Files (x86)\Java\jdk-21\bin;C:\Program Files (x86)\Java\jdk-21\bin;C:\Program Files\Docker\Docker\resources\bin;C:\Program Files\nodejs;C:\Users\54936\Downloads\apache-maven-3.9.9-bin\apache-maven-3.9.9\bin;C:\Windows\System32;C:\composer;C:\ghcup\bin;C:\Users\54936\AppData\Local\Programs\Microsoft VS Code\bin;
USERNAME=54936
OS=Windows_NT
PROCESSOR_IDENTIFIER=AMD64 Family 23 Model 104 Stepping 1, AuthenticAMD
TMP=C:\Users\54936\AppData\Local\Temp
TEMP=C:\Users\54936\AppData\Local\Temp



Periodic native trim disabled


---------------  S Y S T E M  ---------------

OS:
 Windows 10 , 64 bit Build 19041 (10.0.19041.5198)
OS uptime: 3 days 12:01 hours
Hyper-V role detected

CPU: total 8 (initial active 8) (8 cores per cpu, 2 threads per core) family 23 model 104 stepping 1 microcode 0x0, cx8, cmov, fxsr, ht, mmx, 3dnowpref, sse, sse2, sse3, ssse3, sse4a, sse4.1, sse4.2, popcnt, lzcnt, tsc, tscinvbit, avx, avx2, aes, clmul, bmi1, bmi2, adx, sha, fma, vzeroupper, clflush, clflushopt, hv
Processor Information for all 8 processors :
  Max Mhz: 2600, Current Mhz: 1896, Mhz Limit: 2600

Memory: 4k page, system-wide physical 3418M (147M free)
TotalPageFile size 14170M (AvailPageFile size 6M)
current process WorkingSet (physical memory assigned to process): 32M, peak: 32M
current process commit charge ("private bytes"): 185M, peak: 185M

vm_info: OpenJDK 64-Bit Server VM (17.0.13+11) for windows-amd64 JRE (17.0.13+11), built on Oct 16 2024 00:10:08 by "admin" with MS VC++ 17.7 (VS2022)

END.
